
> v3r1c0r3-web@0.1.0 build /Users/thearchitect/Desktop/D3V/sl1c3d-l4bs-v3r1c0r3/apps/web
> next build

   ▲ Next.js 15.5.12

   Creating an optimized production build ...
 ⚠ Compiled with warnings in 4.6s

../../node_modules/.pnpm/require-in-the-middle@8.0.1/node_modules/require-in-the-middle/index.js
Critical dependency: require function is used in a way in which dependencies cannot be statically extracted

Import trace for requested module:
../../node_modules/.pnpm/require-in-the-middle@8.0.1/node_modules/require-in-the-middle/index.js
../../node_modules/.pnpm/@opentelemetry+instrumentation@0.212.0_@opentelemetry+api@1.9.0/node_modules/@opentelemetry/instrumentation/build/esm/platform/node/instrumentation.js
../../node_modules/.pnpm/@opentelemetry+instrumentation@0.212.0_@opentelemetry+api@1.9.0/node_modules/@opentelemetry/instrumentation/build/esm/platform/node/index.js
../../node_modules/.pnpm/@opentelemetry+instrumentation@0.212.0_@opentelemetry+api@1.9.0/node_modules/@opentelemetry/instrumentation/build/esm/platform/index.js
../../node_modules/.pnpm/@opentelemetry+instrumentation@0.212.0_@opentelemetry+api@1.9.0/node_modules/@opentelemetry/instrumentation/build/esm/index.js
./app/TelemetryProvider.tsx

 ✓ Compiled successfully in 7.0s
   Linting and checking validity of types ...
   Collecting page data ...
   Generating static pages (0/5) ...
   Generating static pages (1/5) 
   Generating static pages (2/5) 
   Generating static pages (3/5) 
 ✓ Generating static pages (5/5)
   Finalizing page optimization ...
   Collecting build traces ...

Route (app)                                 Size  First Load JS
┌ ○ /                                    3.44 kB         105 kB
├ ○ /_not-found                            999 B         103 kB
└ ○ /verification                        1.93 kB         104 kB
+ First Load JS shared by all             102 kB
  ├ chunks/522-eb7208d6562ef54f.js       45.9 kB
  ├ chunks/b59f762a-cea625f74e98e0aa.js  54.2 kB
  └ other shared chunks (total)          1.89 kB


○  (Static)  prerendered as static content

